
=====================================================
  File Organizer Tool — Session Started
  Timestamp: 2026-04-24 00:31:10
=====================================================
[2026-04-24 00:31:10] [INFO ] File Organizer Tool started.
[2026-04-24 00:31:10] [INFO ] File Organizer Tool exited.

=====================================================
  File Organizer Tool — Session Started
  Timestamp: 2026-04-24 00:31:42
=====================================================
[2026-04-24 00:31:42] [INFO ] File Organizer Tool started.
[2026-04-24 00:31:42] [INFO ] File Organizer Tool exited.

=====================================================
  File Organizer Tool — Session Started
  Timestamp: 2026-04-24 00:39:05
=====================================================
[2026-04-24 00:39:05] [INFO ] File Organizer Tool started.
     ------------------------------------------------------------
[2026-04-24 00:39:05] [INFO ] Starting DRY RUN on: C:\Users\Swaraj\Desktop\File_organizer\test_sandbox
     ------------------------------------------------------------
[2026-04-24 00:39:05] [INFO ] Scanning directory: C:\Users\Swaraj\Desktop\File_organizer\test_sandbox
[2026-04-24 00:39:05] [INFO ] Mode: Shallow scan (top-level only).
[2026-04-24 00:39:05] [INFO ] Total files found: 21
[2026-04-24 00:39:05] [INFO ] [DRY RUN] Would move → ambient.wav ➜ Audio/
[2026-04-24 00:39:05] [INFO ] [DRY RUN] Would move → archive.rar ➜ Archives/
[2026-04-24 00:39:05] [INFO ] [DRY RUN] Would move → budget.xlsx ➜ Documents/
[2026-04-24 00:39:05] [INFO ] [DRY RUN] Would move → clip.avi ➜ Videos/
[2026-04-24 00:39:05] [INFO ] [DRY RUN] Would move → favorite_song.mp3 ➜ Audio/
[2026-04-24 00:39:05] [INFO ] [DRY RUN] Would move → lecture.mkv ➜ Videos/
[2026-04-24 00:39:05] [INFO ] [DRY RUN] Would move → logo.svg ➜ Images/
[2026-04-24 00:39:05] [INFO ] [DRY RUN] Would move → Main.java ➜ Code/
[2026-04-24 00:39:05] [INFO ] [DRY RUN] Would move → notes.txt ➜ Documents/
[2026-04-24 00:39:05] [INFO ] [DRY RUN] Would move → profile_pic.png ➜ Images/
[2026-04-24 00:39:05] [INFO ] [DRY RUN] Would move → project_backup.zip ➜ Archives/
[2026-04-24 00:39:05] [INFO ] [DRY RUN] Would move → random_data.xyz ➜ Others/
[2026-04-24 00:39:05] [INFO ] [DRY RUN] Would move → report.docx ➜ Documents/
[2026-04-24 00:39:05] [INFO ] [DRY RUN] Would move → resume.pdf ➜ Documents/
[2026-04-24 00:39:05] [INFO ] [DRY RUN] Would move → screenshot.gif ➜ Images/
[2026-04-24 00:39:05] [INFO ] [DRY RUN] Would move → script.py ➜ Code/
[2026-04-24 00:39:05] [INFO ] [DRY RUN] Would move → slides.pptx ➜ Documents/
[2026-04-24 00:39:05] [INFO ] [DRY RUN] Would move → style.css ➜ Code/
[2026-04-24 00:39:05] [INFO ] [DRY RUN] Would move → tutorial.mp4 ➜ Videos/
[2026-04-24 00:39:05] [INFO ] [DRY RUN] Would move → unknown_file ➜ Others/
[2026-04-24 00:39:05] [INFO ] [DRY RUN] Would move → vacation_photo.jpg ➜ Images/
     ------------------------------------------------------------
[2026-04-24 00:39:05] [INFO ] File Organizer Tool exited.

=====================================================
  File Organizer Tool — Session Started
  Timestamp: 2026-04-24 00:39:25
=====================================================
[2026-04-24 00:39:25] [INFO ] File Organizer Tool started.
     ------------------------------------------------------------
[2026-04-24 00:39:25] [INFO ] Starting ORGANIZE on: C:\Users\Swaraj\Desktop\File_organizer\test_sandbox
     ------------------------------------------------------------
[2026-04-24 00:39:25] [INFO ] Scanning directory: C:\Users\Swaraj\Desktop\File_organizer\test_sandbox
[2026-04-24 00:39:25] [INFO ] Mode: Shallow scan (top-level only).
[2026-04-24 00:39:25] [INFO ] Total files found: 21
[2026-04-24 00:39:25] [INFO ] ✔ Moved: ambient.wav ➜ Audio/
[2026-04-24 00:39:25] [INFO ] ✔ Moved: archive.rar ➜ Archives/
[2026-04-24 00:39:25] [INFO ] ✔ Moved: budget.xlsx ➜ Documents/
[2026-04-24 00:39:25] [INFO ] ✔ Moved: clip.avi ➜ Videos/
[2026-04-24 00:39:25] [INFO ] ✔ Moved: favorite_song.mp3 ➜ Audio/
[2026-04-24 00:39:25] [INFO ] ✔ Moved: lecture.mkv ➜ Videos/
[2026-04-24 00:39:25] [INFO ] ✔ Moved: logo.svg ➜ Images/
[2026-04-24 00:39:25] [INFO ] ✔ Moved: Main.java ➜ Code/
[2026-04-24 00:39:25] [INFO ] ✔ Moved: notes.txt ➜ Documents/
[2026-04-24 00:39:25] [INFO ] ✔ Moved: profile_pic.png ➜ Images/
[2026-04-24 00:39:25] [INFO ] ✔ Moved: project_backup.zip ➜ Archives/
[2026-04-24 00:39:25] [INFO ] ✔ Moved: random_data.xyz ➜ Others/
[2026-04-24 00:39:25] [INFO ] ✔ Moved: report.docx ➜ Documents/
[2026-04-24 00:39:25] [INFO ] ✔ Moved: resume.pdf ➜ Documents/
[2026-04-24 00:39:25] [INFO ] ✔ Moved: screenshot.gif ➜ Images/
[2026-04-24 00:39:25] [INFO ] ✔ Moved: script.py ➜ Code/
[2026-04-24 00:39:25] [INFO ] ✔ Moved: slides.pptx ➜ Documents/
[2026-04-24 00:39:25] [INFO ] ✔ Moved: style.css ➜ Code/
[2026-04-24 00:39:25] [INFO ] ✔ Moved: tutorial.mp4 ➜ Videos/
[2026-04-24 00:39:25] [INFO ] ✔ Moved: unknown_file ➜ Others/
[2026-04-24 00:39:25] [INFO ] ✔ Moved: vacation_photo.jpg ➜ Images/
[2026-04-24 00:39:25] [INFO ] Undo session saved. 21 operations recorded.
     ------------------------------------------------------------
[2026-04-24 00:39:25] [INFO ] File Organizer Tool exited.

=====================================================
  File Organizer Tool — Session Started
  Timestamp: 2026-04-24 00:39:56
=====================================================
[2026-04-24 00:39:56] [INFO ] File Organizer Tool started.
[2026-04-24 00:39:56] [INFO ] Undo history loaded. 1 session(s) available.
[2026-04-24 00:39:56] [INFO ] Undoing last session: 21 file(s) to restore.
[2026-04-24 00:39:56] [INFO ] ↩ Restored: vacation_photo.jpg ← C:\Users\Swaraj\Desktop\File_organizer\test_sandbox\Images\vacation_photo.jpg → C:\Users\Swaraj\Desktop\File_organizer\test_sandbox\vacation_photo.jpg
[2026-04-24 00:39:56] [INFO ] ↩ Restored: unknown_file ← C:\Users\Swaraj\Desktop\File_organizer\test_sandbox\Others\unknown_file → C:\Users\Swaraj\Desktop\File_organizer\test_sandbox\unknown_file
[2026-04-24 00:39:56] [INFO ] ↩ Restored: tutorial.mp4 ← C:\Users\Swaraj\Desktop\File_organizer\test_sandbox\Videos\tutorial.mp4 → C:\Users\Swaraj\Desktop\File_organizer\test_sandbox\tutorial.mp4
[2026-04-24 00:39:56] [INFO ] ↩ Restored: style.css ← C:\Users\Swaraj\Desktop\File_organizer\test_sandbox\Code\style.css → C:\Users\Swaraj\Desktop\File_organizer\test_sandbox\style.css
[2026-04-24 00:39:56] [INFO ] ↩ Restored: slides.pptx ← C:\Users\Swaraj\Desktop\File_organizer\test_sandbox\Documents\slides.pptx → C:\Users\Swaraj\Desktop\File_organizer\test_sandbox\slides.pptx
[2026-04-24 00:39:56] [INFO ] ↩ Restored: script.py ← C:\Users\Swaraj\Desktop\File_organizer\test_sandbox\Code\script.py → C:\Users\Swaraj\Desktop\File_organizer\test_sandbox\script.py
[2026-04-24 00:39:56] [INFO ] ↩ Restored: screenshot.gif ← C:\Users\Swaraj\Desktop\File_organizer\test_sandbox\Images\screenshot.gif → C:\Users\Swaraj\Desktop\File_organizer\test_sandbox\screenshot.gif
[2026-04-24 00:39:56] [INFO ] ↩ Restored: resume.pdf ← C:\Users\Swaraj\Desktop\File_organizer\test_sandbox\Documents\resume.pdf → C:\Users\Swaraj\Desktop\File_organizer\test_sandbox\resume.pdf
[2026-04-24 00:39:56] [INFO ] ↩ Restored: report.docx ← C:\Users\Swaraj\Desktop\File_organizer\test_sandbox\Documents\report.docx → C:\Users\Swaraj\Desktop\File_organizer\test_sandbox\report.docx
[2026-04-24 00:39:56] [INFO ] ↩ Restored: random_data.xyz ← C:\Users\Swaraj\Desktop\File_organizer\test_sandbox\Others\random_data.xyz → C:\Users\Swaraj\Desktop\File_organizer\test_sandbox\random_data.xyz
[2026-04-24 00:39:56] [INFO ] ↩ Restored: project_backup.zip ← C:\Users\Swaraj\Desktop\File_organizer\test_sandbox\Archives\project_backup.zip → C:\Users\Swaraj\Desktop\File_organizer\test_sandbox\project_backup.zip
[2026-04-24 00:39:56] [INFO ] ↩ Restored: profile_pic.png ← C:\Users\Swaraj\Desktop\File_organizer\test_sandbox\Images\profile_pic.png → C:\Users\Swaraj\Desktop\File_organizer\test_sandbox\profile_pic.png
[2026-04-24 00:39:56] [INFO ] ↩ Restored: notes.txt ← C:\Users\Swaraj\Desktop\File_organizer\test_sandbox\Documents\notes.txt → C:\Users\Swaraj\Desktop\File_organizer\test_sandbox\notes.txt
[2026-04-24 00:39:56] [INFO ] ↩ Restored: Main.java ← C:\Users\Swaraj\Desktop\File_organizer\test_sandbox\Code\Main.java → C:\Users\Swaraj\Desktop\File_organizer\test_sandbox\Main.java
[2026-04-24 00:39:56] [INFO ] ↩ Restored: logo.svg ← C:\Users\Swaraj\Desktop\File_organizer\test_sandbox\Images\logo.svg → C:\Users\Swaraj\Desktop\File_organizer\test_sandbox\logo.svg
[2026-04-24 00:39:56] [INFO ] ↩ Restored: lecture.mkv ← C:\Users\Swaraj\Desktop\File_organizer\test_sandbox\Videos\lecture.mkv → C:\Users\Swaraj\Desktop\File_organizer\test_sandbox\lecture.mkv
[2026-04-24 00:39:56] [INFO ] ↩ Restored: favorite_song.mp3 ← C:\Users\Swaraj\Desktop\File_organizer\test_sandbox\Audio\favorite_song.mp3 → C:\Users\Swaraj\Desktop\File_organizer\test_sandbox\favorite_song.mp3
[2026-04-24 00:39:56] [INFO ] ↩ Restored: clip.avi ← C:\Users\Swaraj\Desktop\File_organizer\test_sandbox\Videos\clip.avi → C:\Users\Swaraj\Desktop\File_organizer\test_sandbox\clip.avi
[2026-04-24 00:39:56] [INFO ] ↩ Restored: budget.xlsx ← C:\Users\Swaraj\Desktop\File_organizer\test_sandbox\Documents\budget.xlsx → C:\Users\Swaraj\Desktop\File_organizer\test_sandbox\budget.xlsx
[2026-04-24 00:39:56] [INFO ] ↩ Restored: archive.rar ← C:\Users\Swaraj\Desktop\File_organizer\test_sandbox\Archives\archive.rar → C:\Users\Swaraj\Desktop\File_organizer\test_sandbox\archive.rar
[2026-04-24 00:39:56] [INFO ] ↩ Restored: ambient.wav ← C:\Users\Swaraj\Desktop\File_organizer\test_sandbox\Audio\ambient.wav → C:\Users\Swaraj\Desktop\File_organizer\test_sandbox\ambient.wav
[2026-04-24 00:39:56] [INFO ] Undo complete. Restored: 21 | Failed: 0
[2026-04-24 00:39:56] [INFO ] File Organizer Tool exited.
